2016-05-26 17:41:03,934 - [INFO] - from play in pool-6-thread-4 
Listening for HTTP on /0:0:0:0:0:0:0:0:9000

2016-05-26 17:41:06,478 - [INFO] - from play in play-internal-execution-context-1 
Application started (Dev)

2016-05-26 17:41:07,209 - [ERROR] - from play in play-akka.actor.default-dispatcher-4 
Cannot invoke the action, eventually got an error: java.lang.NullPointerException

2016-05-26 17:41:07,217 - [ERROR] - from application in play-akka.actor.default-dispatcher-4 


! @70808d6no - Internal server error, for (POST) [/api/v1/protectPdf] ->

play.api.Application$$anon$1: Execution exception[[NullPointerException: null]]
	at play.api.Application$class.handleError(Application.scala:296) ~[play_2.10-2.3.9.jar:2.3.9]
	at play.api.DefaultApplication.handleError(Application.scala:402) [play_2.10-2.3.9.jar:2.3.9]
	at play.core.server.netty.PlayDefaultUpstreamHandler$$anonfun$3$$anonfun$applyOrElse$4.apply(PlayDefaultUpstreamHandler.scala:320) [play_2.10-2.3.9.jar:2.3.9]
	at play.core.server.netty.PlayDefaultUpstreamHandler$$anonfun$3$$anonfun$applyOrElse$4.apply(PlayDefaultUpstreamHandler.scala:320) [play_2.10-2.3.9.jar:2.3.9]
	at scala.Option.map(Option.scala:145) [scala-library.jar:na]
	at play.core.server.netty.PlayDefaultUpstreamHandler$$anonfun$3.applyOrElse(PlayDefaultUpstreamHandler.scala:320) [play_2.10-2.3.9.jar:2.3.9]
	at play.core.server.netty.PlayDefaultUpstreamHandler$$anonfun$3.applyOrElse(PlayDefaultUpstreamHandler.scala:316) [play_2.10-2.3.9.jar:2.3.9]
	at scala.concurrent.Future$$anonfun$recoverWith$1.apply(Future.scala:344) [scala-library.jar:na]
	at scala.concurrent.Future$$anonfun$recoverWith$1.apply(Future.scala:343) [scala-library.jar:na]
	at scala.concurrent.impl.CallbackRunnable.run(Promise.scala:32) [scala-library.jar:na]
	at play.api.libs.iteratee.Execution$trampoline$.execute(Execution.scala:46) [play-iteratees_2.10-2.3.9.jar:2.3.9]
	at scala.concurrent.impl.CallbackRunnable.executeWithValue(Promise.scala:40) [scala-library.jar:na]
	at scala.concurrent.impl.Promise$DefaultPromise.tryComplete(Promise.scala:248) [scala-library.jar:na]
	at scala.concurrent.Promise$class.complete(Promise.scala:55) [scala-library.jar:na]
	at scala.concurrent.impl.Promise$DefaultPromise.complete(Promise.scala:153) [scala-library.jar:na]
	at scala.concurrent.impl.Future$PromiseCompletingRunnable.run(Future.scala:23) [scala-library.jar:na]
	at akka.dispatch.TaskInvocation.run(AbstractDispatcher.scala:41) [akka-actor_2.10-2.3.4.jar:na]
	at akka.dispatch.ForkJoinExecutorConfigurator$AkkaForkJoinTask.exec(AbstractDispatcher.scala:393) [akka-actor_2.10-2.3.4.jar:na]
	at scala.concurrent.forkjoin.ForkJoinTask.doExec(ForkJoinTask.java:260) [scala-library.jar:na]
	at scala.concurrent.forkjoin.ForkJoinPool$WorkQueue.runTask(ForkJoinPool.java:1339) [scala-library.jar:na]
	at scala.concurrent.forkjoin.ForkJoinPool.runWorker(ForkJoinPool.java:1979) [scala-library.jar:na]
	at scala.concurrent.forkjoin.ForkJoinWorkerThread.run(ForkJoinWorkerThread.java:107) [scala-library.jar:na]
Caused by: java.lang.NullPointerException: null
	at controllers.Application.protectPdf(Application.java:39) ~[classes/:na]
	at Routes$$anonfun$routes$1$$anonfun$applyOrElse$2$$anonfun$apply$2.apply(routes_routing.scala:75) ~[classes/:na]
	at Routes$$anonfun$routes$1$$anonfun$applyOrElse$2$$anonfun$apply$2.apply(routes_routing.scala:75) ~[classes/:na]
	at play.core.Router$HandlerInvokerFactory$$anon$4.resultCall(Router.scala:264) ~[play_2.10-2.3.9.jar:2.3.9]
	at play.core.Router$HandlerInvokerFactory$JavaActionInvokerFactory$$anon$15$$anon$1.invocation(Router.scala:255) ~[play_2.10-2.3.9.jar:2.3.9]
	at play.core.j.JavaAction$$anon$1.call(JavaAction.scala:55) ~[play_2.10-2.3.9.jar:2.3.9]
	at play.core.j.JavaAction$$anonfun$11.apply(JavaAction.scala:82) ~[play_2.10-2.3.9.jar:2.3.9]
	at play.core.j.JavaAction$$anonfun$11.apply(JavaAction.scala:82) ~[play_2.10-2.3.9.jar:2.3.9]
	at scala.concurrent.impl.Future$PromiseCompletingRunnable.liftedTree1$1(Future.scala:24) [scala-library.jar:na]
	at scala.concurrent.impl.Future$PromiseCompletingRunnable.run(Future.scala:24) [scala-library.jar:na]
	at play.core.j.HttpExecutionContext$$anon$2.run(HttpExecutionContext.scala:40) ~[play_2.10-2.3.9.jar:2.3.9]
	at play.api.libs.iteratee.Execution$trampoline$.execute(Execution.scala:46) [play-iteratees_2.10-2.3.9.jar:2.3.9]
	at play.core.j.HttpExecutionContext.execute(HttpExecutionContext.scala:32) ~[play_2.10-2.3.9.jar:2.3.9]
	at scala.concurrent.impl.Future$.apply(Future.scala:31) ~[scala-library.jar:na]
	at scala.concurrent.Future$.apply(Future.scala:485) ~[scala-library.jar:na]
	at play.core.j.JavaAction$class.apply(JavaAction.scala:82) ~[play_2.10-2.3.9.jar:2.3.9]
	at play.core.Router$HandlerInvokerFactory$JavaActionInvokerFactory$$anon$15$$anon$1.apply(Router.scala:252) ~[play_2.10-2.3.9.jar:2.3.9]
	at play.api.mvc.Action$$anonfun$apply$1$$anonfun$apply$4$$anonfun$apply$5.apply(Action.scala:130) ~[play_2.10-2.3.9.jar:2.3.9]
	at play.api.mvc.Action$$anonfun$apply$1$$anonfun$apply$4$$anonfun$apply$5.apply(Action.scala:130) ~[play_2.10-2.3.9.jar:2.3.9]
	at play.utils.Threads$.withContextClassLoader(Threads.scala:21) ~[play_2.10-2.3.9.jar:2.3.9]
	at play.api.mvc.Action$$anonfun$apply$1$$anonfun$apply$4.apply(Action.scala:129) ~[play_2.10-2.3.9.jar:2.3.9]
	at play.api.mvc.Action$$anonfun$apply$1$$anonfun$apply$4.apply(Action.scala:128) ~[play_2.10-2.3.9.jar:2.3.9]
	at scala.Option.map(Option.scala:145) [scala-library.jar:na]
	at play.api.mvc.Action$$anonfun$apply$1.apply(Action.scala:128) ~[play_2.10-2.3.9.jar:2.3.9]
	at play.api.mvc.Action$$anonfun$apply$1.apply(Action.scala:121) ~[play_2.10-2.3.9.jar:2.3.9]
	at play.api.libs.iteratee.Iteratee$$anonfun$mapM$1.apply(Iteratee.scala:483) ~[play-iteratees_2.10-2.3.9.jar:2.3.9]
	at play.api.libs.iteratee.Iteratee$$anonfun$mapM$1.apply(Iteratee.scala:483) ~[play-iteratees_2.10-2.3.9.jar:2.3.9]
	at play.api.libs.iteratee.Iteratee$$anonfun$flatMapM$1.apply(Iteratee.scala:519) ~[play-iteratees_2.10-2.3.9.jar:2.3.9]
	at play.api.libs.iteratee.Iteratee$$anonfun$flatMapM$1.apply(Iteratee.scala:519) ~[play-iteratees_2.10-2.3.9.jar:2.3.9]
	at play.api.libs.iteratee.Iteratee$$anonfun$flatMap$1$$anonfun$apply$14.apply(Iteratee.scala:496) ~[play-iteratees_2.10-2.3.9.jar:2.3.9]
	at play.api.libs.iteratee.Iteratee$$anonfun$flatMap$1$$anonfun$apply$14.apply(Iteratee.scala:496) ~[play-iteratees_2.10-2.3.9.jar:2.3.9]
	at scala.concurrent.impl.Future$PromiseCompletingRunnable.liftedTree1$1(Future.scala:24) [scala-library.jar:na]
	at scala.concurrent.impl.Future$PromiseCompletingRunnable.run(Future.scala:24) [scala-library.jar:na]
	... 6 common frames omitted

2016-05-26 17:41:21,552 - [ERROR] - from play in play-akka.actor.default-dispatcher-3 
Cannot invoke the action, eventually got an error: java.lang.NullPointerException

2016-05-26 17:41:21,554 - [ERROR] - from application in play-akka.actor.default-dispatcher-3 


! @70808e23c - Internal server error, for (POST) [/api/v1/protectPdf] ->

play.api.Application$$anon$1: Execution exception[[NullPointerException: null]]
	at play.api.Application$class.handleError(Application.scala:296) ~[play_2.10-2.3.9.jar:2.3.9]
	at play.api.DefaultApplication.handleError(Application.scala:402) [play_2.10-2.3.9.jar:2.3.9]
	at play.core.server.netty.PlayDefaultUpstreamHandler$$anonfun$3$$anonfun$applyOrElse$4.apply(PlayDefaultUpstreamHandler.scala:320) [play_2.10-2.3.9.jar:2.3.9]
	at play.core.server.netty.PlayDefaultUpstreamHandler$$anonfun$3$$anonfun$applyOrElse$4.apply(PlayDefaultUpstreamHandler.scala:320) [play_2.10-2.3.9.jar:2.3.9]
	at scala.Option.map(Option.scala:145) [scala-library.jar:na]
	at play.core.server.netty.PlayDefaultUpstreamHandler$$anonfun$3.applyOrElse(PlayDefaultUpstreamHandler.scala:320) [play_2.10-2.3.9.jar:2.3.9]
	at play.core.server.netty.PlayDefaultUpstreamHandler$$anonfun$3.applyOrElse(PlayDefaultUpstreamHandler.scala:316) [play_2.10-2.3.9.jar:2.3.9]
	at scala.concurrent.Future$$anonfun$recoverWith$1.apply(Future.scala:344) [scala-library.jar:na]
	at scala.concurrent.Future$$anonfun$recoverWith$1.apply(Future.scala:343) [scala-library.jar:na]
	at scala.concurrent.impl.CallbackRunnable.run(Promise.scala:32) [scala-library.jar:na]
	at play.api.libs.iteratee.Execution$trampoline$.execute(Execution.scala:46) [play-iteratees_2.10-2.3.9.jar:2.3.9]
	at scala.concurrent.impl.CallbackRunnable.executeWithValue(Promise.scala:40) [scala-library.jar:na]
	at scala.concurrent.impl.Promise$DefaultPromise.tryComplete(Promise.scala:248) [scala-library.jar:na]
	at scala.concurrent.Promise$class.complete(Promise.scala:55) [scala-library.jar:na]
	at scala.concurrent.impl.Promise$DefaultPromise.complete(Promise.scala:153) [scala-library.jar:na]
	at scala.concurrent.impl.Future$PromiseCompletingRunnable.run(Future.scala:23) [scala-library.jar:na]
	at akka.dispatch.TaskInvocation.run(AbstractDispatcher.scala:41) [akka-actor_2.10-2.3.4.jar:na]
	at akka.dispatch.ForkJoinExecutorConfigurator$AkkaForkJoinTask.exec(AbstractDispatcher.scala:393) [akka-actor_2.10-2.3.4.jar:na]
	at scala.concurrent.forkjoin.ForkJoinTask.doExec(ForkJoinTask.java:260) [scala-library.jar:na]
	at scala.concurrent.forkjoin.ForkJoinPool$WorkQueue.runTask(ForkJoinPool.java:1339) [scala-library.jar:na]
	at scala.concurrent.forkjoin.ForkJoinPool.runWorker(ForkJoinPool.java:1979) [scala-library.jar:na]
	at scala.concurrent.forkjoin.ForkJoinWorkerThread.run(ForkJoinWorkerThread.java:107) [scala-library.jar:na]
Caused by: java.lang.NullPointerException: null
	at controllers.Application.protectPdf(Application.java:39) ~[classes/:na]
	at Routes$$anonfun$routes$1$$anonfun$applyOrElse$2$$anonfun$apply$2.apply(routes_routing.scala:75) ~[classes/:na]
	at Routes$$anonfun$routes$1$$anonfun$applyOrElse$2$$anonfun$apply$2.apply(routes_routing.scala:75) ~[classes/:na]
	at play.core.Router$HandlerInvokerFactory$$anon$4.resultCall(Router.scala:264) ~[play_2.10-2.3.9.jar:2.3.9]
	at play.core.Router$HandlerInvokerFactory$JavaActionInvokerFactory$$anon$15$$anon$1.invocation(Router.scala:255) ~[play_2.10-2.3.9.jar:2.3.9]
	at play.core.j.JavaAction$$anon$1.call(JavaAction.scala:55) ~[play_2.10-2.3.9.jar:2.3.9]
	at play.core.j.JavaAction$$anonfun$11.apply(JavaAction.scala:82) ~[play_2.10-2.3.9.jar:2.3.9]
	at play.core.j.JavaAction$$anonfun$11.apply(JavaAction.scala:82) ~[play_2.10-2.3.9.jar:2.3.9]
	at scala.concurrent.impl.Future$PromiseCompletingRunnable.liftedTree1$1(Future.scala:24) [scala-library.jar:na]
	at scala.concurrent.impl.Future$PromiseCompletingRunnable.run(Future.scala:24) [scala-library.jar:na]
	at play.core.j.HttpExecutionContext$$anon$2.run(HttpExecutionContext.scala:40) ~[play_2.10-2.3.9.jar:2.3.9]
	at play.api.libs.iteratee.Execution$trampoline$.execute(Execution.scala:46) [play-iteratees_2.10-2.3.9.jar:2.3.9]
	at play.core.j.HttpExecutionContext.execute(HttpExecutionContext.scala:32) ~[play_2.10-2.3.9.jar:2.3.9]
	at scala.concurrent.impl.Future$.apply(Future.scala:31) ~[scala-library.jar:na]
	at scala.concurrent.Future$.apply(Future.scala:485) ~[scala-library.jar:na]
	at play.core.j.JavaAction$class.apply(JavaAction.scala:82) ~[play_2.10-2.3.9.jar:2.3.9]
	at play.core.Router$HandlerInvokerFactory$JavaActionInvokerFactory$$anon$15$$anon$1.apply(Router.scala:252) ~[play_2.10-2.3.9.jar:2.3.9]
	at play.api.mvc.Action$$anonfun$apply$1$$anonfun$apply$4$$anonfun$apply$5.apply(Action.scala:130) ~[play_2.10-2.3.9.jar:2.3.9]
	at play.api.mvc.Action$$anonfun$apply$1$$anonfun$apply$4$$anonfun$apply$5.apply(Action.scala:130) ~[play_2.10-2.3.9.jar:2.3.9]
	at play.utils.Threads$.withContextClassLoader(Threads.scala:21) ~[play_2.10-2.3.9.jar:2.3.9]
	at play.api.mvc.Action$$anonfun$apply$1$$anonfun$apply$4.apply(Action.scala:129) ~[play_2.10-2.3.9.jar:2.3.9]
	at play.api.mvc.Action$$anonfun$apply$1$$anonfun$apply$4.apply(Action.scala:128) ~[play_2.10-2.3.9.jar:2.3.9]
	at scala.Option.map(Option.scala:145) [scala-library.jar:na]
	at play.api.mvc.Action$$anonfun$apply$1.apply(Action.scala:128) ~[play_2.10-2.3.9.jar:2.3.9]
	at play.api.mvc.Action$$anonfun$apply$1.apply(Action.scala:121) ~[play_2.10-2.3.9.jar:2.3.9]
	at play.api.libs.iteratee.Iteratee$$anonfun$mapM$1.apply(Iteratee.scala:483) ~[play-iteratees_2.10-2.3.9.jar:2.3.9]
	at play.api.libs.iteratee.Iteratee$$anonfun$mapM$1.apply(Iteratee.scala:483) ~[play-iteratees_2.10-2.3.9.jar:2.3.9]
	at play.api.libs.iteratee.Iteratee$$anonfun$flatMapM$1.apply(Iteratee.scala:519) ~[play-iteratees_2.10-2.3.9.jar:2.3.9]
	at play.api.libs.iteratee.Iteratee$$anonfun$flatMapM$1.apply(Iteratee.scala:519) ~[play-iteratees_2.10-2.3.9.jar:2.3.9]
	at play.api.libs.iteratee.Iteratee$$anonfun$flatMap$1$$anonfun$apply$14.apply(Iteratee.scala:496) ~[play-iteratees_2.10-2.3.9.jar:2.3.9]
	at play.api.libs.iteratee.Iteratee$$anonfun$flatMap$1$$anonfun$apply$14.apply(Iteratee.scala:496) ~[play-iteratees_2.10-2.3.9.jar:2.3.9]
	at scala.concurrent.impl.Future$PromiseCompletingRunnable.liftedTree1$1(Future.scala:24) [scala-library.jar:na]
	at scala.concurrent.impl.Future$PromiseCompletingRunnable.run(Future.scala:24) [scala-library.jar:na]
	... 6 common frames omitted

2016-05-26 17:41:58,679 - [INFO] - from play in play-internal-execution-context-2 
Application started (Dev)

2016-05-26 17:42:51,575 - [INFO] - from play in play-internal-execution-context-2 
Application started (Dev)

2016-05-26 17:43:36,668 - [INFO] - from play in play-internal-execution-context-2 
Application started (Dev)

2016-05-26 17:44:06,504 - [INFO] - from play in play-internal-execution-context-10 
Application started (Dev)

2016-05-26 17:44:18,739 - [ERROR] - from play in play-internal-execution-context-14 
Cannot invoke the action, eventually got an error: java.lang.NullPointerException

2016-05-26 17:44:18,742 - [ERROR] - from application in play-internal-execution-context-14 


! @70808o46a - Internal server error, for (POST) [/api/v1/protectPdf] ->

play.api.Application$$anon$1: Execution exception[[NullPointerException: null]]
	at play.api.Application$class.handleError(Application.scala:296) ~[play_2.10-2.3.9.jar:2.3.9]
	at play.api.DefaultApplication.handleError(Application.scala:402) [play_2.10-2.3.9.jar:2.3.9]
	at play.core.server.netty.PlayDefaultUpstreamHandler$$anonfun$3$$anonfun$applyOrElse$4.apply(PlayDefaultUpstreamHandler.scala:320) [play_2.10-2.3.9.jar:2.3.9]
	at play.core.server.netty.PlayDefaultUpstreamHandler$$anonfun$3$$anonfun$applyOrElse$4.apply(PlayDefaultUpstreamHandler.scala:320) [play_2.10-2.3.9.jar:2.3.9]
	at scala.Option.map(Option.scala:145) [scala-library.jar:na]
	at play.core.server.netty.PlayDefaultUpstreamHandler$$anonfun$3.applyOrElse(PlayDefaultUpstreamHandler.scala:320) [play_2.10-2.3.9.jar:2.3.9]
	at play.core.server.netty.PlayDefaultUpstreamHandler$$anonfun$3.applyOrElse(PlayDefaultUpstreamHandler.scala:316) [play_2.10-2.3.9.jar:2.3.9]
	at scala.concurrent.Future$$anonfun$recoverWith$1.apply(Future.scala:344) [scala-library.jar:na]
	at scala.concurrent.Future$$anonfun$recoverWith$1.apply(Future.scala:343) [scala-library.jar:na]
	at scala.concurrent.impl.CallbackRunnable.run(Promise.scala:32) [scala-library.jar:na]
	at play.api.libs.iteratee.Execution$trampoline$.execute(Execution.scala:46) [play-iteratees_2.10-2.3.9.jar:2.3.9]
	at scala.concurrent.impl.CallbackRunnable.executeWithValue(Promise.scala:40) [scala-library.jar:na]
	at scala.concurrent.impl.Promise$DefaultPromise.tryComplete(Promise.scala:248) [scala-library.jar:na]
	at scala.concurrent.Promise$class.complete(Promise.scala:55) [scala-library.jar:na]
	at scala.concurrent.impl.Promise$DefaultPromise.complete(Promise.scala:153) [scala-library.jar:na]
	at scala.concurrent.Future$$anonfun$flatMap$1.apply(Future.scala:249) [scala-library.jar:na]
	at scala.concurrent.Future$$anonfun$flatMap$1.apply(Future.scala:249) [scala-library.jar:na]
	at scala.concurrent.impl.CallbackRunnable.run(Promise.scala:32) [scala-library.jar:na]
	at scala.concurrent.forkjoin.ForkJoinTask$AdaptedRunnableAction.exec(ForkJoinTask.java:1361) [scala-library.jar:na]
	at scala.concurrent.forkjoin.ForkJoinTask.doExec(ForkJoinTask.java:260) [scala-library.jar:na]
	at scala.concurrent.forkjoin.ForkJoinPool$WorkQueue.runTask(ForkJoinPool.java:1339) [scala-library.jar:na]
	at scala.concurrent.forkjoin.ForkJoinPool.runWorker(ForkJoinPool.java:1979) [scala-library.jar:na]
	at scala.concurrent.forkjoin.ForkJoinWorkerThread.run(ForkJoinWorkerThread.java:107) [scala-library.jar:na]
Caused by: java.lang.NullPointerException: null
	at controllers.Application.protectPdf(Application.java:48) ~[na:na]
	at Routes$$anonfun$routes$1$$anonfun$applyOrElse$2$$anonfun$apply$2.apply(routes_routing.scala:75) ~[na:na]
	at Routes$$anonfun$routes$1$$anonfun$applyOrElse$2$$anonfun$apply$2.apply(routes_routing.scala:75) ~[na:na]
	at play.core.Router$HandlerInvokerFactory$$anon$4.resultCall(Router.scala:264) ~[play_2.10-2.3.9.jar:2.3.9]
	at play.core.Router$HandlerInvokerFactory$JavaActionInvokerFactory$$anon$15$$anon$1.invocation(Router.scala:255) ~[play_2.10-2.3.9.jar:2.3.9]
	at play.core.j.JavaAction$$anon$1.call(JavaAction.scala:55) ~[play_2.10-2.3.9.jar:2.3.9]
	at play.core.j.JavaAction$$anonfun$11.apply(JavaAction.scala:82) ~[play_2.10-2.3.9.jar:2.3.9]
	at play.core.j.JavaAction$$anonfun$11.apply(JavaAction.scala:82) ~[play_2.10-2.3.9.jar:2.3.9]
	at scala.concurrent.impl.Future$PromiseCompletingRunnable.liftedTree1$1(Future.scala:24) ~[scala-library.jar:na]
	at scala.concurrent.impl.Future$PromiseCompletingRunnable.run(Future.scala:24) ~[scala-library.jar:na]
	at play.core.j.HttpExecutionContext$$anon$2.run(HttpExecutionContext.scala:40) ~[play_2.10-2.3.9.jar:2.3.9]
	at play.api.libs.iteratee.Execution$trampoline$.execute(Execution.scala:46) [play-iteratees_2.10-2.3.9.jar:2.3.9]
	at play.core.j.HttpExecutionContext.execute(HttpExecutionContext.scala:32) ~[play_2.10-2.3.9.jar:2.3.9]
	at scala.concurrent.impl.Future$.apply(Future.scala:31) ~[scala-library.jar:na]
	at scala.concurrent.Future$.apply(Future.scala:485) ~[scala-library.jar:na]
	at play.core.j.JavaAction$class.apply(JavaAction.scala:82) ~[play_2.10-2.3.9.jar:2.3.9]
	at play.core.Router$HandlerInvokerFactory$JavaActionInvokerFactory$$anon$15$$anon$1.apply(Router.scala:252) ~[play_2.10-2.3.9.jar:2.3.9]
	at play.api.mvc.Action$$anonfun$apply$1$$anonfun$apply$4$$anonfun$apply$5.apply(Action.scala:130) ~[play_2.10-2.3.9.jar:2.3.9]
	at play.api.mvc.Action$$anonfun$apply$1$$anonfun$apply$4$$anonfun$apply$5.apply(Action.scala:130) ~[play_2.10-2.3.9.jar:2.3.9]
	at play.utils.Threads$.withContextClassLoader(Threads.scala:21) ~[play_2.10-2.3.9.jar:2.3.9]
	at play.api.mvc.Action$$anonfun$apply$1$$anonfun$apply$4.apply(Action.scala:129) ~[play_2.10-2.3.9.jar:2.3.9]
	at play.api.mvc.Action$$anonfun$apply$1$$anonfun$apply$4.apply(Action.scala:128) ~[play_2.10-2.3.9.jar:2.3.9]
	at scala.Option.map(Option.scala:145) [scala-library.jar:na]
	at play.api.mvc.Action$$anonfun$apply$1.apply(Action.scala:128) ~[play_2.10-2.3.9.jar:2.3.9]
	at play.api.mvc.Action$$anonfun$apply$1.apply(Action.scala:121) ~[play_2.10-2.3.9.jar:2.3.9]
	at play.api.libs.iteratee.Iteratee$$anonfun$mapM$1.apply(Iteratee.scala:483) ~[play-iteratees_2.10-2.3.9.jar:2.3.9]
	at play.api.libs.iteratee.Iteratee$$anonfun$mapM$1.apply(Iteratee.scala:483) ~[play-iteratees_2.10-2.3.9.jar:2.3.9]
	at play.api.libs.iteratee.Iteratee$$anonfun$flatMapM$1.apply(Iteratee.scala:519) ~[play-iteratees_2.10-2.3.9.jar:2.3.9]
	at play.api.libs.iteratee.Iteratee$$anonfun$flatMapM$1.apply(Iteratee.scala:519) ~[play-iteratees_2.10-2.3.9.jar:2.3.9]
	at play.api.libs.iteratee.Iteratee$$anonfun$flatMap$1$$anonfun$apply$14.apply(Iteratee.scala:496) ~[play-iteratees_2.10-2.3.9.jar:2.3.9]
	at play.api.libs.iteratee.Iteratee$$anonfun$flatMap$1$$anonfun$apply$14.apply(Iteratee.scala:496) ~[play-iteratees_2.10-2.3.9.jar:2.3.9]
	at scala.concurrent.impl.Future$PromiseCompletingRunnable.liftedTree1$1(Future.scala:24) ~[scala-library.jar:na]
	at scala.concurrent.impl.Future$PromiseCompletingRunnable.run(Future.scala:24) ~[scala-library.jar:na]
	at akka.dispatch.TaskInvocation.run(AbstractDispatcher.scala:41) ~[akka-actor_2.10-2.3.4.jar:na]
	at akka.dispatch.ForkJoinExecutorConfigurator$AkkaForkJoinTask.exec(AbstractDispatcher.scala:393) ~[akka-actor_2.10-2.3.4.jar:na]
	... 4 common frames omitted

2016-05-26 17:44:32,980 - [ERROR] - from play in play-internal-execution-context-20 
Cannot invoke the action, eventually got an error: java.lang.NullPointerException

2016-05-26 17:44:32,985 - [ERROR] - from application in play-internal-execution-context-20 


! @70808op84 - Internal server error, for (POST) [/api/v1/protectPdf] ->

play.api.Application$$anon$1: Execution exception[[NullPointerException: null]]
	at play.api.Application$class.handleError(Application.scala:296) ~[play_2.10-2.3.9.jar:2.3.9]
	at play.api.DefaultApplication.handleError(Application.scala:402) [play_2.10-2.3.9.jar:2.3.9]
	at play.core.server.netty.PlayDefaultUpstreamHandler$$anonfun$3$$anonfun$applyOrElse$4.apply(PlayDefaultUpstreamHandler.scala:320) [play_2.10-2.3.9.jar:2.3.9]
	at play.core.server.netty.PlayDefaultUpstreamHandler$$anonfun$3$$anonfun$applyOrElse$4.apply(PlayDefaultUpstreamHandler.scala:320) [play_2.10-2.3.9.jar:2.3.9]
	at scala.Option.map(Option.scala:145) [scala-library.jar:na]
	at play.core.server.netty.PlayDefaultUpstreamHandler$$anonfun$3.applyOrElse(PlayDefaultUpstreamHandler.scala:320) [play_2.10-2.3.9.jar:2.3.9]
	at play.core.server.netty.PlayDefaultUpstreamHandler$$anonfun$3.applyOrElse(PlayDefaultUpstreamHandler.scala:316) [play_2.10-2.3.9.jar:2.3.9]
	at scala.concurrent.Future$$anonfun$recoverWith$1.apply(Future.scala:344) [scala-library.jar:na]
	at scala.concurrent.Future$$anonfun$recoverWith$1.apply(Future.scala:343) [scala-library.jar:na]
	at scala.concurrent.impl.CallbackRunnable.run(Promise.scala:32) [scala-library.jar:na]
	at play.api.libs.iteratee.Execution$trampoline$.execute(Execution.scala:46) [play-iteratees_2.10-2.3.9.jar:2.3.9]
	at scala.concurrent.impl.CallbackRunnable.executeWithValue(Promise.scala:40) [scala-library.jar:na]
	at scala.concurrent.impl.Promise$DefaultPromise.tryComplete(Promise.scala:248) [scala-library.jar:na]
	at scala.concurrent.Promise$class.complete(Promise.scala:55) [scala-library.jar:na]
	at scala.concurrent.impl.Promise$DefaultPromise.complete(Promise.scala:153) [scala-library.jar:na]
	at scala.concurrent.Future$$anonfun$flatMap$1.apply(Future.scala:249) [scala-library.jar:na]
	at scala.concurrent.Future$$anonfun$flatMap$1.apply(Future.scala:249) [scala-library.jar:na]
	at scala.concurrent.impl.CallbackRunnable.run(Promise.scala:32) [scala-library.jar:na]
	at scala.concurrent.forkjoin.ForkJoinTask$AdaptedRunnableAction.exec(ForkJoinTask.java:1361) [scala-library.jar:na]
	at scala.concurrent.forkjoin.ForkJoinTask.doExec(ForkJoinTask.java:260) [scala-library.jar:na]
	at scala.concurrent.forkjoin.ForkJoinPool$WorkQueue.runTask(ForkJoinPool.java:1339) [scala-library.jar:na]
	at scala.concurrent.forkjoin.ForkJoinPool.runWorker(ForkJoinPool.java:1979) [scala-library.jar:na]
	at scala.concurrent.forkjoin.ForkJoinWorkerThread.run(ForkJoinWorkerThread.java:107) [scala-library.jar:na]
Caused by: java.lang.NullPointerException: null
	at controllers.Application.protectPdf(Application.java:48) ~[na:na]
	at Routes$$anonfun$routes$1$$anonfun$applyOrElse$2$$anonfun$apply$2.apply(routes_routing.scala:75) ~[na:na]
	at Routes$$anonfun$routes$1$$anonfun$applyOrElse$2$$anonfun$apply$2.apply(routes_routing.scala:75) ~[na:na]
	at play.core.Router$HandlerInvokerFactory$$anon$4.resultCall(Router.scala:264) ~[play_2.10-2.3.9.jar:2.3.9]
	at play.core.Router$HandlerInvokerFactory$JavaActionInvokerFactory$$anon$15$$anon$1.invocation(Router.scala:255) ~[play_2.10-2.3.9.jar:2.3.9]
	at play.core.j.JavaAction$$anon$1.call(JavaAction.scala:55) ~[play_2.10-2.3.9.jar:2.3.9]
	at play.core.j.JavaAction$$anonfun$11.apply(JavaAction.scala:82) ~[play_2.10-2.3.9.jar:2.3.9]
	at play.core.j.JavaAction$$anonfun$11.apply(JavaAction.scala:82) ~[play_2.10-2.3.9.jar:2.3.9]
	at scala.concurrent.impl.Future$PromiseCompletingRunnable.liftedTree1$1(Future.scala:24) ~[scala-library.jar:na]
	at scala.concurrent.impl.Future$PromiseCompletingRunnable.run(Future.scala:24) ~[scala-library.jar:na]
	at play.core.j.HttpExecutionContext$$anon$2.run(HttpExecutionContext.scala:40) ~[play_2.10-2.3.9.jar:2.3.9]
	at play.api.libs.iteratee.Execution$trampoline$.execute(Execution.scala:46) [play-iteratees_2.10-2.3.9.jar:2.3.9]
	at play.core.j.HttpExecutionContext.execute(HttpExecutionContext.scala:32) ~[play_2.10-2.3.9.jar:2.3.9]
	at scala.concurrent.impl.Future$.apply(Future.scala:31) ~[scala-library.jar:na]
	at scala.concurrent.Future$.apply(Future.scala:485) ~[scala-library.jar:na]
	at play.core.j.JavaAction$class.apply(JavaAction.scala:82) ~[play_2.10-2.3.9.jar:2.3.9]
	at play.core.Router$HandlerInvokerFactory$JavaActionInvokerFactory$$anon$15$$anon$1.apply(Router.scala:252) ~[play_2.10-2.3.9.jar:2.3.9]
	at play.api.mvc.Action$$anonfun$apply$1$$anonfun$apply$4$$anonfun$apply$5.apply(Action.scala:130) ~[play_2.10-2.3.9.jar:2.3.9]
	at play.api.mvc.Action$$anonfun$apply$1$$anonfun$apply$4$$anonfun$apply$5.apply(Action.scala:130) ~[play_2.10-2.3.9.jar:2.3.9]
	at play.utils.Threads$.withContextClassLoader(Threads.scala:21) ~[play_2.10-2.3.9.jar:2.3.9]
	at play.api.mvc.Action$$anonfun$apply$1$$anonfun$apply$4.apply(Action.scala:129) ~[play_2.10-2.3.9.jar:2.3.9]
	at play.api.mvc.Action$$anonfun$apply$1$$anonfun$apply$4.apply(Action.scala:128) ~[play_2.10-2.3.9.jar:2.3.9]
	at scala.Option.map(Option.scala:145) [scala-library.jar:na]
	at play.api.mvc.Action$$anonfun$apply$1.apply(Action.scala:128) ~[play_2.10-2.3.9.jar:2.3.9]
	at play.api.mvc.Action$$anonfun$apply$1.apply(Action.scala:121) ~[play_2.10-2.3.9.jar:2.3.9]
	at play.api.libs.iteratee.Iteratee$$anonfun$mapM$1.apply(Iteratee.scala:483) ~[play-iteratees_2.10-2.3.9.jar:2.3.9]
	at play.api.libs.iteratee.Iteratee$$anonfun$mapM$1.apply(Iteratee.scala:483) ~[play-iteratees_2.10-2.3.9.jar:2.3.9]
	at play.api.libs.iteratee.Iteratee$$anonfun$flatMapM$1.apply(Iteratee.scala:519) ~[play-iteratees_2.10-2.3.9.jar:2.3.9]
	at play.api.libs.iteratee.Iteratee$$anonfun$flatMapM$1.apply(Iteratee.scala:519) ~[play-iteratees_2.10-2.3.9.jar:2.3.9]
	at play.api.libs.iteratee.Iteratee$$anonfun$flatMap$1$$anonfun$apply$14.apply(Iteratee.scala:496) ~[play-iteratees_2.10-2.3.9.jar:2.3.9]
	at play.api.libs.iteratee.Iteratee$$anonfun$flatMap$1$$anonfun$apply$14.apply(Iteratee.scala:496) ~[play-iteratees_2.10-2.3.9.jar:2.3.9]
	at scala.concurrent.impl.Future$PromiseCompletingRunnable.liftedTree1$1(Future.scala:24) ~[scala-library.jar:na]
	at scala.concurrent.impl.Future$PromiseCompletingRunnable.run(Future.scala:24) ~[scala-library.jar:na]
	at akka.dispatch.TaskInvocation.run(AbstractDispatcher.scala:41) ~[akka-actor_2.10-2.3.4.jar:na]
	at akka.dispatch.ForkJoinExecutorConfigurator$AkkaForkJoinTask.exec(AbstractDispatcher.scala:393) ~[akka-actor_2.10-2.3.4.jar:na]
	... 4 common frames omitted

2016-05-26 17:44:59,579 - [ERROR] - from play in play-internal-execution-context-22 
Cannot invoke the action, eventually got an error: java.lang.NullPointerException

2016-05-26 17:44:59,582 - [ERROR] - from application in play-internal-execution-context-22 


! @708090ch4 - Internal server error, for (POST) [/api/v1/protectPdf] ->

play.api.Application$$anon$1: Execution exception[[NullPointerException: null]]
	at play.api.Application$class.handleError(Application.scala:296) ~[play_2.10-2.3.9.jar:2.3.9]
	at play.api.DefaultApplication.handleError(Application.scala:402) [play_2.10-2.3.9.jar:2.3.9]
	at play.core.server.netty.PlayDefaultUpstreamHandler$$anonfun$3$$anonfun$applyOrElse$4.apply(PlayDefaultUpstreamHandler.scala:320) [play_2.10-2.3.9.jar:2.3.9]
	at play.core.server.netty.PlayDefaultUpstreamHandler$$anonfun$3$$anonfun$applyOrElse$4.apply(PlayDefaultUpstreamHandler.scala:320) [play_2.10-2.3.9.jar:2.3.9]
	at scala.Option.map(Option.scala:145) [scala-library.jar:na]
	at play.core.server.netty.PlayDefaultUpstreamHandler$$anonfun$3.applyOrElse(PlayDefaultUpstreamHandler.scala:320) [play_2.10-2.3.9.jar:2.3.9]
	at play.core.server.netty.PlayDefaultUpstreamHandler$$anonfun$3.applyOrElse(PlayDefaultUpstreamHandler.scala:316) [play_2.10-2.3.9.jar:2.3.9]
	at scala.concurrent.Future$$anonfun$recoverWith$1.apply(Future.scala:344) [scala-library.jar:na]
	at scala.concurrent.Future$$anonfun$recoverWith$1.apply(Future.scala:343) [scala-library.jar:na]
	at scala.concurrent.impl.CallbackRunnable.run(Promise.scala:32) [scala-library.jar:na]
	at play.api.libs.iteratee.Execution$trampoline$.execute(Execution.scala:46) [play-iteratees_2.10-2.3.9.jar:2.3.9]
	at scala.concurrent.impl.CallbackRunnable.executeWithValue(Promise.scala:40) [scala-library.jar:na]
	at scala.concurrent.impl.Promise$DefaultPromise.tryComplete(Promise.scala:248) [scala-library.jar:na]
	at scala.concurrent.Promise$class.complete(Promise.scala:55) [scala-library.jar:na]
	at scala.concurrent.impl.Promise$DefaultPromise.complete(Promise.scala:153) [scala-library.jar:na]
	at scala.concurrent.Future$$anonfun$flatMap$1.apply(Future.scala:249) [scala-library.jar:na]
	at scala.concurrent.Future$$anonfun$flatMap$1.apply(Future.scala:249) [scala-library.jar:na]
	at scala.concurrent.impl.CallbackRunnable.run(Promise.scala:32) [scala-library.jar:na]
	at scala.concurrent.forkjoin.ForkJoinTask$AdaptedRunnableAction.exec(ForkJoinTask.java:1361) [scala-library.jar:na]
	at scala.concurrent.forkjoin.ForkJoinTask.doExec(ForkJoinTask.java:260) [scala-library.jar:na]
	at scala.concurrent.forkjoin.ForkJoinPool$WorkQueue.runTask(ForkJoinPool.java:1339) [scala-library.jar:na]
	at scala.concurrent.forkjoin.ForkJoinPool.runWorker(ForkJoinPool.java:1979) [scala-library.jar:na]
	at scala.concurrent.forkjoin.ForkJoinWorkerThread.run(ForkJoinWorkerThread.java:107) [scala-library.jar:na]
Caused by: java.lang.NullPointerException: null
	at controllers.Application.protectPdf(Application.java:48) ~[na:na]
	at Routes$$anonfun$routes$1$$anonfun$applyOrElse$2$$anonfun$apply$2.apply(routes_routing.scala:75) ~[na:na]
	at Routes$$anonfun$routes$1$$anonfun$applyOrElse$2$$anonfun$apply$2.apply(routes_routing.scala:75) ~[na:na]
	at play.core.Router$HandlerInvokerFactory$$anon$4.resultCall(Router.scala:264) ~[play_2.10-2.3.9.jar:2.3.9]
	at play.core.Router$HandlerInvokerFactory$JavaActionInvokerFactory$$anon$15$$anon$1.invocation(Router.scala:255) ~[play_2.10-2.3.9.jar:2.3.9]
	at play.core.j.JavaAction$$anon$1.call(JavaAction.scala:55) ~[play_2.10-2.3.9.jar:2.3.9]
	at play.core.j.JavaAction$$anonfun$11.apply(JavaAction.scala:82) ~[play_2.10-2.3.9.jar:2.3.9]
	at play.core.j.JavaAction$$anonfun$11.apply(JavaAction.scala:82) ~[play_2.10-2.3.9.jar:2.3.9]
	at scala.concurrent.impl.Future$PromiseCompletingRunnable.liftedTree1$1(Future.scala:24) ~[scala-library.jar:na]
	at scala.concurrent.impl.Future$PromiseCompletingRunnable.run(Future.scala:24) ~[scala-library.jar:na]
	at play.core.j.HttpExecutionContext$$anon$2.run(HttpExecutionContext.scala:40) ~[play_2.10-2.3.9.jar:2.3.9]
	at play.api.libs.iteratee.Execution$trampoline$.execute(Execution.scala:46) [play-iteratees_2.10-2.3.9.jar:2.3.9]
	at play.core.j.HttpExecutionContext.execute(HttpExecutionContext.scala:32) ~[play_2.10-2.3.9.jar:2.3.9]
	at scala.concurrent.impl.Future$.apply(Future.scala:31) ~[scala-library.jar:na]
	at scala.concurrent.Future$.apply(Future.scala:485) ~[scala-library.jar:na]
	at play.core.j.JavaAction$class.apply(JavaAction.scala:82) ~[play_2.10-2.3.9.jar:2.3.9]
	at play.core.Router$HandlerInvokerFactory$JavaActionInvokerFactory$$anon$15$$anon$1.apply(Router.scala:252) ~[play_2.10-2.3.9.jar:2.3.9]
	at play.api.mvc.Action$$anonfun$apply$1$$anonfun$apply$4$$anonfun$apply$5.apply(Action.scala:130) ~[play_2.10-2.3.9.jar:2.3.9]
	at play.api.mvc.Action$$anonfun$apply$1$$anonfun$apply$4$$anonfun$apply$5.apply(Action.scala:130) ~[play_2.10-2.3.9.jar:2.3.9]
	at play.utils.Threads$.withContextClassLoader(Threads.scala:21) ~[play_2.10-2.3.9.jar:2.3.9]
	at play.api.mvc.Action$$anonfun$apply$1$$anonfun$apply$4.apply(Action.scala:129) ~[play_2.10-2.3.9.jar:2.3.9]
	at play.api.mvc.Action$$anonfun$apply$1$$anonfun$apply$4.apply(Action.scala:128) ~[play_2.10-2.3.9.jar:2.3.9]
	at scala.Option.map(Option.scala:145) [scala-library.jar:na]
	at play.api.mvc.Action$$anonfun$apply$1.apply(Action.scala:128) ~[play_2.10-2.3.9.jar:2.3.9]
	at play.api.mvc.Action$$anonfun$apply$1.apply(Action.scala:121) ~[play_2.10-2.3.9.jar:2.3.9]
	at play.api.libs.iteratee.Iteratee$$anonfun$mapM$1.apply(Iteratee.scala:483) ~[play-iteratees_2.10-2.3.9.jar:2.3.9]
	at play.api.libs.iteratee.Iteratee$$anonfun$mapM$1.apply(Iteratee.scala:483) ~[play-iteratees_2.10-2.3.9.jar:2.3.9]
	at play.api.libs.iteratee.Iteratee$$anonfun$flatMapM$1.apply(Iteratee.scala:519) ~[play-iteratees_2.10-2.3.9.jar:2.3.9]
	at play.api.libs.iteratee.Iteratee$$anonfun$flatMapM$1.apply(Iteratee.scala:519) ~[play-iteratees_2.10-2.3.9.jar:2.3.9]
	at play.api.libs.iteratee.Iteratee$$anonfun$flatMap$1$$anonfun$apply$14.apply(Iteratee.scala:496) ~[play-iteratees_2.10-2.3.9.jar:2.3.9]
	at play.api.libs.iteratee.Iteratee$$anonfun$flatMap$1$$anonfun$apply$14.apply(Iteratee.scala:496) ~[play-iteratees_2.10-2.3.9.jar:2.3.9]
	at scala.concurrent.impl.Future$PromiseCompletingRunnable.liftedTree1$1(Future.scala:24) ~[scala-library.jar:na]
	at scala.concurrent.impl.Future$PromiseCompletingRunnable.run(Future.scala:24) ~[scala-library.jar:na]
	at akka.dispatch.TaskInvocation.run(AbstractDispatcher.scala:41) ~[akka-actor_2.10-2.3.4.jar:na]
	at akka.dispatch.ForkJoinExecutorConfigurator$AkkaForkJoinTask.exec(AbstractDispatcher.scala:393) ~[akka-actor_2.10-2.3.4.jar:na]
	... 4 common frames omitted

2016-05-26 17:46:42,312 - [INFO] - from play in play-internal-execution-context-26 
Application started (Dev)

2016-05-26 17:57:27,581 - [INFO] - from play in play-internal-execution-context-41 
Application started (Dev)

